<?xml version="1.0" encoding="UTF-8"?>
<testng-results ignored="0" total="1" passed="1" failed="0" skipped="0">
  <reporter-output>
  </reporter-output>
  <suite started-at="2022-11-22T10:09:51 IST" name="Default Suite" finished-at="2022-11-22T10:09:53 IST" duration-ms="2149">
    <groups>
    </groups>
    <test started-at="2022-11-22T10:09:51 IST" name="restAssured Demo" finished-at="2022-11-22T10:09:53 IST" duration-ms="2149">
      <class name="APITest">
        <test-method signature="main()[pri:0, instance:APITest@1e67a849]" started-at="2022-11-22T10:09:51 IST" name="main" finished-at="2022-11-22T10:09:53 IST" duration-ms="2101" status="PASS">
          <reporter-output>
          </reporter-output>
        </test-method> <!-- main -->
      </class> <!-- APITest -->
    </test> <!-- restAssured Demo -->
  </suite> <!-- Default Suite -->
</testng-results>
